<?xml version="1.0" encoding="UTF-8"?>
<!-- Generated by org.testng.reporters.JUnitXMLReporter -->
<testsuite ignored="0" hostname="ABHI-PC" failures="0" tests="18" name="Test" time="120.128" errors="0" timestamp="2022-11-01T15:15:15 IST">
  <testcase classname="sampleScripts.TestExampleAnnotations" name="testScript" time="0.008"/>
  <testcase classname="sampleScripts.TestNGExample" name="launchChrome" time="20.499"/>
  <testcase classname="sampleScripts.TestNGExample" name="launchFirefox" time="7.492"/>
  <testcase classname="sampleScripts.TestNGExample" name="launchFlipKart" time="47.791"/>
  <testcase classname="sampleScripts.TestNGExample2" name="actiTimeLogin" time="23.935"/>
  <testcase classname="sampleScripts.TestNGExample2" name="instaramLogin" time="20.342"/>
  <testcase classname="sampleScripts.Testing" name="test1" time="0.001"/>
  <testcase classname="sampleScripts.Testing" name="test2" time="0.0"/>
  <testcase classname="sampleScripts.Testing" name="test3" time="0.001"/>
  <testcase classname="sampleScripts.TestPriotity" name="cat" time="0.001"/>
  <testcase classname="sampleScripts.TestPriotity" name="cat" time="0.0"/>
  <testcase classname="sampleScripts.TestPriotity" name="cat" time="0.0"/>
  <testcase classname="sampleScripts.TestPriotity" name="dog" time="0.0"/>
  <testcase classname="sampleScripts.TestPriotity" name="dog" time="0.0"/>
  <testcase classname="sampleScripts.TestPriotity" name="dog" time="0.001"/>
  <testcase classname="sampleScripts.TestPriotity" name="dog" time="0.001"/>
  <testcase classname="sampleScripts.TestPriotity" name="snake" time="0.0"/>
  <testcase classname="sampleScripts.TestPriotity" name="snake" time="0.0"/>
</testsuite> <!-- Test -->
