<?xml version="1.0" encoding="UTF-8"?>
<testng-results ignored="0" total="1" passed="1" failed="0" skipped="0">
  <reporter-output>
  </reporter-output>
  <suite started-at="2022-11-03T08:06:48 IST" name="Default suite" finished-at="2022-11-03T08:06:55 IST" duration-ms="7760">
    <groups>
    </groups>
    <test started-at="2022-11-03T08:06:48 IST" name="Default test" finished-at="2022-11-03T08:06:55 IST" duration-ms="7760">
      <class name="sampleScripts.POMExample">
        <test-method is-config="true" signature="dbConfig()[pri:0, instance:sampleScripts.POMExample@17497425]" started-at="2022-11-03T08:06:48 IST" name="dbConfig" finished-at="2022-11-03T08:06:48 IST" duration-ms="8" status="PASS">
          <reporter-output>
          </reporter-output>
        </test-method> <!-- dbConfig -->
        <test-method is-config="true" signature="launchBrowser()[pri:0, instance:sampleScripts.POMExample@17497425]" started-at="2022-11-03T08:06:48 IST" name="launchBrowser" finished-at="2022-11-03T08:06:50 IST" duration-ms="2504" status="PASS">
          <reporter-output>
          </reporter-output>
        </test-method> <!-- launchBrowser -->
        <test-method is-config="true" signature="loginToApp()[pri:0, instance:sampleScripts.POMExample@17497425]" started-at="2022-11-03T08:06:50 IST" name="loginToApp" finished-at="2022-11-03T08:06:51 IST" duration-ms="1013" status="PASS">
          <reporter-output>
          </reporter-output>
        </test-method> <!-- loginToApp -->
        <test-method signature="LoginToFaceBook()[pri:0, instance:sampleScripts.POMExample@17497425]" started-at="2022-11-03T08:06:51 IST" name="LoginToFaceBook" finished-at="2022-11-03T08:06:55 IST" duration-ms="4025" status="PASS">
          <reporter-output>
          </reporter-output>
        </test-method> <!-- LoginToFaceBook -->
        <test-method is-config="true" signature="logoutFromApp()[pri:0, instance:sampleScripts.POMExample@17497425]" started-at="2022-11-03T08:06:55 IST" name="logoutFromApp" finished-at="2022-11-03T08:06:55 IST" duration-ms="1" status="PASS">
          <reporter-output>
          </reporter-output>
        </test-method> <!-- logoutFromApp -->
        <test-method is-config="true" signature="closeBrowser()[pri:0, instance:sampleScripts.POMExample@17497425]" started-at="2022-11-03T08:06:55 IST" name="closeBrowser" finished-at="2022-11-03T08:06:55 IST" duration-ms="196" status="PASS">
          <reporter-output>
          </reporter-output>
        </test-method> <!-- closeBrowser -->
        <test-method is-config="true" signature="dbClose()[pri:0, instance:sampleScripts.POMExample@17497425]" started-at="2022-11-03T08:06:55 IST" name="dbClose" finished-at="2022-11-03T08:06:55 IST" duration-ms="0" status="PASS">
          <reporter-output>
          </reporter-output>
        </test-method> <!-- dbClose -->
      </class> <!-- sampleScripts.POMExample -->
    </test> <!-- Default test -->
  </suite> <!-- Default suite -->
</testng-results>
